<?xml version="1.0" encoding="UTF-8"?>
<testng-results ignored="0" total="1" passed="1" failed="0" skipped="0">
  <reporter-output>
  </reporter-output>
  <suite started-at="2026-09-18T00:32:49 IST" name="Surefire suite" finished-at="2026-09-18T00:33:21 IST" duration-ms="32466">
    <groups>
    </groups>
    <test started-at="2026-09-18T00:32:49 IST" name="Surefire test" finished-at="2026-09-18T00:33:21 IST" duration-ms="32466">
      <class name="test.Testcase">
        <test-method is-config="true" signature="setUp()[pri:0, instance:test.Testcase@5ae50ce6]" started-at="2026-09-18T00:32:49 IST" name="setUp" finished-at="2026-09-18T00:32:54 IST" duration-ms="5400" status="PASS">
          <reporter-output>
          </reporter-output>
        </test-method> <!-- setUp -->
        <test-method signature="naukri()[pri:0, instance:test.Testcase@5ae50ce6]" started-at="2026-09-18T00:32:54 IST" name="naukri" finished-at="2026-09-18T00:33:20 IST" duration-ms="25641" status="PASS">
          <reporter-output>
          </reporter-output>
        </test-method> <!-- naukri -->
        <test-method is-config="true" signature="tearDown()[pri:0, instance:test.Testcase@5ae50ce6]" started-at="2026-09-18T00:33:20 IST" name="tearDown" finished-at="2026-09-18T00:33:21 IST" duration-ms="1373" status="PASS">
          <reporter-output>
          </reporter-output>
        </test-method> <!-- tearDown -->
      </class> <!-- test.Testcase -->
    </test> <!-- Surefire test -->
  </suite> <!-- Surefire suite -->
</testng-results>
