<?xml version="1.0" encoding="UTF-8"?>
<testng-results ignored="0" total="1" passed="1" failed="0" skipped="0">
  <reporter-output>
  </reporter-output>
  <suite started-at="2026-09-18T16:48:50 IST" name="Suite" finished-at="2026-09-18T16:50:27 IST" duration-ms="96492">
    <groups>
    </groups>
    <test started-at="2026-09-18T16:48:50 IST" name="Test" finished-at="2026-09-18T16:50:27 IST" duration-ms="96492">
      <class name="test.Testcase">
        <test-method is-config="true" signature="setUp()[pri:0, instance:test.Testcase@5542c4ed]" started-at="2026-09-18T16:48:50 IST" name="setUp" finished-at="2026-09-18T16:49:53 IST" duration-ms="62426" status="PASS">
          <reporter-output>
          </reporter-output>
        </test-method> <!-- setUp -->
        <test-method signature="naukri()[pri:0, instance:test.Testcase@5542c4ed]" started-at="2026-09-18T16:49:53 IST" name="naukri" finished-at="2026-09-18T16:50:26 IST" duration-ms="33458" status="PASS">
          <reporter-output>
          </reporter-output>
        </test-method> <!-- naukri -->
        <test-method is-config="true" signature="tearDown()[pri:0, instance:test.Testcase@5542c4ed]" started-at="2026-09-18T16:50:26 IST" name="tearDown" finished-at="2026-09-18T16:50:27 IST" duration-ms="570" status="PASS">
          <reporter-output>
          </reporter-output>
        </test-method> <!-- tearDown -->
      </class> <!-- test.Testcase -->
    </test> <!-- Test -->
  </suite> <!-- Suite -->
</testng-results>
